#
# A fatal error has been detected by the Java Runtime Environment:
#
#  EXCEPTION_ACCESS_VIOLATION (0xc0000005) at pc=0x000001e26b9e1050, pid=17968, tid=12532
#
# JRE version: OpenJDK Runtime Environment Temurin-21.0.3+9 (21.0.3+9) (build 21.0.3+9-LTS)
# Java VM: OpenJDK 64-Bit Server VM Temurin-21.0.3+9 (21.0.3+9-LTS, mixed mode, emulated-client, tiered, compressed oops, compressed class ptrs, g1 gc, windows-amd64)
# Problematic frame:
# v  ~BufferBlob::MethodHandles adapters 0x000001e26b9e1050
#
# No core dump will be written. Minidumps are not enabled by default on client versions of Windows
#
# If you would like to submit a bug report, please visit:
#   https://github.com/adoptium/adoptium-support/issues
#

---------------  S U M M A R Y ------------

Command Line: -XX:+ShowCodeDetailsInExceptionMessages -agentlib:jdwp=transport=dt_socket,suspend=y,address=localhost:61651 -Dcom.sun.management.jmxremote -Dcom.sun.management.jmxremote.port=61650 -Dcom.sun.management.jmxremote.authenticate=false -Dcom.sun.management.jmxremote.ssl=false -Djava.rmi.server.hostname=localhost -Dspring.jmx.enabled=true -Dmanagement.endpoints.jmx.exposure.include=* -Dspring.application.admin.enabled=true -XX:TieredStopAtLevel=1 -Dspring.boot.project.name=Mini_01_TravellProject -javaagent:D:\STS\sts-4.24.0.RELEASE\configuration\org.eclipse.osgi\270\0\.cp\lib\javaagent-shaded.jar -Dfile.encoding=UTF-8 -Dstdout.encoding=UTF-8 -Dstderr.encoding=UTF-8 com.nt.com.Mini01TravellProjectApplication --spring.output.ansi.enabled=always

Host: 13th Gen Intel(R) Core(TM) i5-13420H, 12 cores, 15G,  Windows 11 , 64 bit Build 22621 (10.0.22621.3958)
Time: Sat Sep 14 22:53:43 2024 India Standard Time elapsed time: 310.650656 seconds (0d 0h 5m 10s)

---------------  T H R E A D  ---------------

Current thread (0x000001e27e6f39c0):  JavaThread "restartedMain"        [_thread_in_Java, id=12532, stack(0x0000001300300000,0x0000001300400000) (1024K)]

Stack: [0x0000001300300000,0x0000001300400000],  sp=0x00000013003fdda8,  free space=1015k
Native frames: (J=compiled Java code, j=interpreted, Vv=VM code, C=native code)
C  0x000001e26b9e1050

The last pc belongs to _linkToSpecial (printed below).

siginfo: EXCEPTION_ACCESS_VIOLATION (0xc0000005), reading address 0xffffffffffffffff


Registers:
RAX=0x000001e26b9b9086, RBX=0xe0f7b00f00000000, RCX=0x00000013003fddb0, RDX=0x0000000000000002
RSP=0x00000013003fdda8, RBP=0x00000013003fddf8, RSI=0x000001e27d9e5488, RDI=0x000001e27cc51700
R8 =0x0000000000000004, R9 =0x0000000000000004, R10=0x00007ffd96b51a30, R11=0x000001e2773e7388
R12=0x0000000000000000, R13=0x00000013003fdda8, R14=0x00000013003fde18, R15=0x000001e27e6f39c0
RIP=0x000001e26b9e1050, EFLAGS=0x0000000000010202


Register to memory mapping:

RAX=0x000001e26b9b9086 is at code_begin+3078 in an Interpreter codelet
return entry points  [0x000001e26b9b8480, 0x000001e26b9ba298]  7704 bytes
RBX=0xe0f7b00f00000000 is an unknown value
RCX=0x00000013003fddb0 is pointing into the stack for thread: 0x000001e27e6f39c0
RDX=0x0000000000000002 is an unknown value
RSP=0x00000013003fdda8 is pointing into the stack for thread: 0x000001e27e6f39c0
RBP=0x00000013003fddf8 is pointing into the stack for thread: 0x000001e27e6f39c0
RSI=0x000001e27d9e5488 points into unknown readable memory: 0x88002e28c337843f | 3f 84 37 c3 28 2e 00 88
RDI=0x000001e27cc51700 points into unknown readable memory: 0x0000001800000070 | 70 00 00 00 18 00 00 00
R8 =0x0000000000000004 is an unknown value
R9 =0x0000000000000004 is an unknown value
R10=0x00007ffd96b51a30 jvm.dll
R11={method} {0x000001e2773e7390} 'newInvokeSpecial' '(Ljava/lang/Object;)Ljava/lang/Object;' in 'java/lang/invoke/DirectMethodHandle$Holder'
R12=0x0 is null
R13=0x00000013003fdda8 is pointing into the stack for thread: 0x000001e27e6f39c0
R14=0x00000013003fde18 is pointing into the stack for thread: 0x000001e27e6f39c0
R15=0x000001e27e6f39c0 is a thread

Top of Stack: (sp=0x00000013003fdda8)
0x00000013003fdda8:   000001e26b9b9086 00000013003fddb0
0x00000013003fddb8:   000001e2773e7377 0000000000000004
0x00000013003fddc8:   000001e2773eb150 000000070a399910
0x00000013003fddd8:   0000000704ecf6f8 000001e2773e7388
0x00000013003fdde8:   00000013003fdda8 00000013003fde20
0x00000013003fddf8:   00000013003fee78 000001e26bcbd8cb
0x00000013003fde08:   0000000707bd7f80 0000000707bd8028
0x00000013003fde18:   0000000707bd7fe0 0000000707bd7d90
0x00000013003fde28:   0000000000000000 00000013003fee78
0x00000013003fde38:   000001e26c2e8a8c 0000000000000000
0x00000013003fde48:   0000000000000000 0000000000000000
0x00000013003fde58:   0000000000000000 0000000000000000
0x00000013003fde68:   0000000000000000 0000000000000000
0x00000013003fde78:   0000000000000000 0000000000000000
0x00000013003fde88:   0000000000000000 0000000000000000
0x00000013003fde98:   0000000704ece540 000000070a399910
0x00000013003fdea8:   0000000707bd7c58 0000000707bd7c58
0x00000013003fdeb8:   0000000707bd7d90 0000000707bd8010
0x00000013003fdec8:   0000000707bd7de8 000000070a399910
0x00000013003fded8:   0000000000000001 00000013003fee78
0x00000013003fdee8:   000001e200000000 0000000000000000
0x00000013003fdef8:   0000000000000000 0000000707bd7fe0
0x00000013003fdf08:   000001e26bd4ecdc 0000000000000000
0x00000013003fdf18:   0000000000000000 0000000000000000
0x00000013003fdf28:   0000000000000000 000001e27e6f39c0
0x00000013003fdf38:   0000000000000000 0000000707bd7d90
0x00000013003fdf48:   0000000000000000 0000000707bd7c58
0x00000013003fdf58:   0000000707bd8010 0000000707bd7d90
0x00000013003fdf68:   0000000000000000 0000000709389c00
0x00000013003fdf78:   000001e26bcbcdec 00000013003fee78
0x00000013003fdf88:   000001e26bcbbb6a 0000000000000000
0x00000013003fdf98:   000001e26bc1ca29 0000000000000000 

Instructions: (pc=0x000001e26b9e1050)
0x000001e26b9e0f50:   bf e0 05 00 00 00 74 03 ff 63 38 ff 63 50 e9 9d
0x000001e26b9e0f60:   16 00 00 66 66 66 0f 1f 84 00 00 00 00 00 66 66
0x000001e26b9e0f70:   66 90 66 66 0f 1f 84 00 00 00 00 00 66 66 66 90
0x000001e26b9e0f80:   48 8b 53 08 0f b7 52 2e 48 8b 0c d4 58 5b 50 44
0x000001e26b9e0f90:   8b 51 08 49 bb 00 00 00 00 08 00 00 00 4d 03 d3
0x000001e26b9e0fa0:   4c 8b 5b 10 4b 8b 9c da c8 01 00 00 48 85 db 0f
0x000001e26b9e0fb0:   84 10 00 00 00 41 80 bf e0 05 00 00 00 74 03 ff
0x000001e26b9e0fc0:   63 38 ff 63 50 e9 36 16 00 00 66 66 66 0f 1f 84
0x000001e26b9e0fd0:   00 00 00 00 00 66 66 66 90 0f 1f 80 00 00 00 00
0x000001e26b9e0fe0:   58 5b 50 8b 5b 24 48 c1 e3 03 48 8b 5b 10 48 85
0x000001e26b9e0ff0:   db 0f 84 10 00 00 00 41 80 bf e0 05 00 00 00 74
0x000001e26b9e1000:   03 ff 63 38 ff 63 50 e9 f4 15 00 00 66 66 66 0f
0x000001e26b9e1010:   1f 84 00 00 00 00 00 66 66 66 90 0f 1f 44 00 00
0x000001e26b9e1020:   48 8b 53 08 0f b7 52 2e 48 8b 0c d4 58 5b 50 48
0x000001e26b9e1030:   3b 01 8b 5b 24 48 c1 e3 03 48 8b 5b 10 48 85 db
0x000001e26b9e1040:   0f 84 10 00 00 00 41 80 bf e0 05 00 00 00 74 03
0x000001e26b9e1050:   ff 63 38 ff 63 50 e9 a5 15 00 00 0f 1f 44 00 00
0x000001e26b9e1060:   48 8b 53 08 0f b7 52 2e 48 8b 0c d4 58 5b 50 44
0x000001e26b9e1070:   8b 51 08 49 bb 00 00 00 00 08 00 00 00 4d 03 d3
0x000001e26b9e1080:   8b 43 18 48 c1 e0 03 48 8b 40 10 48 8b 5b 10 45
0x000001e26b9e1090:   8b 9a a0 00 00 00 4f 8d 9c da c8 01 00 00 4d 8d
0x000001e26b9e10a0:   14 da 49 8b 1b 48 3b c3 74 15 48 85 db 0f 84 32
0x000001e26b9e10b0:   00 00 00 49 83 c3 10 49 8b 1b 48 3b c3 75 eb 45
0x000001e26b9e10c0:   8b 5b 08 4b 8b 1c 1a 48 85 db 0f 84 10 00 00 00
0x000001e26b9e10d0:   41 80 bf e0 05 00 00 00 74 03 ff 63 38 ff 63 50
0x000001e26b9e10e0:   e9 1b 15 00 00 e9 16 12 00 00 f4 00 00 00 00 00
0x000001e26b9e10f0:   00 00 00 00 00 00 00 00 00 00 00 00 00 00 00 00
0x000001e26b9e1100:   00 00 00 00 00 00 00 00 00 00 00 00 00 00 00 00
0x000001e26b9e1110:   00 00 00 00 00 00 00 00 00 00 00 00 00 00 00 00
0x000001e26b9e1120:   00 00 00 00 00 00 00 00 00 00 00 00 00 00 00 00
0x000001e26b9e1130:   00 00 00 00 00 00 00 00 00 00 00 00 00 00 00 00
0x000001e26b9e1140:   00 00 00 00 00 00 00 00 00 00 00 00 00 00 00 00 


Stack slot to memory mapping:

stack at sp + 0 slots: 0x000001e26b9b9086 is at code_begin+3078 in an Interpreter codelet
return entry points  [0x000001e26b9b8480, 0x000001e26b9ba298]  7704 bytes
stack at sp + 1 slots: 0x00000013003fddb0 is pointing into the stack for thread: 0x000001e27e6f39c0
stack at sp + 2 slots: 0x000001e2773e7377 is pointing into metadata
stack at sp + 3 slots: 0x0000000000000004 is an unknown value
stack at sp + 4 slots: 0x000001e2773eb150 is pointing into metadata
stack at sp + 5 slots: 0x000000070a399910 is an oop: java.lang.Class 
{0x000000070a399910} - klass: 'java/lang/Class'
 - ---- fields (total size 15 words):
 - private volatile transient 'classRedefinedCount' 'I' @12  1 (0x00000001)
 - injected 'klass' 'J' @16  34364539920 (0x0000000800494410)
 - injected 'array_klass' 'J' @24  0 (0x0000000000000000)
 - injected 'oop_size' 'I' @32  15 (0x0000000f)
 - injected 'static_oop_field_count' 'I' @36  1 (0x00000001)
 - private volatile transient 'cachedConstructor' 'Ljava/lang/reflect/Constructor;' @40  null (0x00000000)
 - private transient 'name' 'Ljava/lang/String;' @44  "com.nt.com.exception.GlobalException"{0x000000070a399988} (0xe1473331)
 - private transient 'module' 'Ljava/lang/Module;' @48  a 'java/lang/Module'{0x000000070a800300} (0xe1500060)
 - private final 'classLoader' 'Ljava/lang/ClassLoader;' @52  a 'org/springframework/boot/devtools/restart/classloader/RestartClassLoader'{0x000000070a800170} (0xe150002e)
 - private transient 'classData' 'Ljava/lang/Object;' @56  null (0x00000000)
 - private transient 'packageName' 'Ljava/lang/String;' @60  "com.nt.com.exception"{0x000000070a3938e0} (0xe147271c)
 - private final 'componentType' 'Ljava/lang/Class;' @64  null (0x00000000)
 - private volatile transient 'reflectionData' 'Ljava/lang/ref/SoftReference;' @68  a 'java/lang/ref/SoftReference'{0x00000007092da618} (0xe125b4c3)
 - private volatile transient 'genericInfo' 'Lsun/reflect/generics/repository/ClassRepository;' @72  null (0x00000000)
 - private volatile transient 'enumConstants' '[Ljava/lang/Object;' @76  null (0x00000000)
 - private volatile transient 'enumConstantDirectory' 'Ljava/util/Map;' @80  null (0x00000000)
 - private volatile transient 'annotationData' 'Ljava/lang/Class$AnnotationData;' @84  a 'java/lang/Class$AnnotationData'{0x00000007092ef850} (0xe125df0a)
 - private volatile transient 'annotationType' 'Lsun/reflect/annotation/AnnotationType;' @88  null (0x00000000)
 - transient 'classValueMap' 'Ljava/lang/ClassValue$ClassValueMap;' @92  null (0x00000000)
 - injected 'protection_domain' 'Ljava/lang/Object;' @96  a 'java/security/ProtectionDomain'{0x000000070a81e338} (0xe1503c67)
 - injected 'signers_name' 'Ljava/lang/Object;' @100  null (0x00000000)
 - injected 'source_file' 'Ljava/lang/Object;' @104  null (0x00000000)
 - signature: Lcom/nt/com/exception/GlobalException;
 - ---- static fields (1):
 - private static final 'log' 'Lorg/slf4j/Logger;' @112  null (0x00000000)
stack at sp + 6 slots: 0x0000000704ecf6f8 is an oop: java.lang.Class 
{0x0000000704ecf6f8} - klass: 'java/lang/Class'
 - ---- fields (total size 14 words):
 - private volatile transient 'classRedefinedCount' 'I' @12  0 (0x00000000)
 - injected 'klass' 'J' @16  34359945312 (0x0000000800032860)
 - injected 'array_klass' 'J' @24  0 (0x0000000000000000)
 - injected 'oop_size' 'I' @32  14 (0x0000000e)
 - injected 'static_oop_field_count' 'I' @36  0 (0x00000000)
 - private volatile transient 'cachedConstructor' 'Ljava/lang/reflect/Constructor;' @40  null (0x00000000)
 - private transient 'name' 'Ljava/lang/String;' @44  null (0x00000000)
 - private transient 'module' 'Ljava/lang/Module;' @48  a 'java/lang/Module'{0x0000000704ec3308} (0xe09d8661)
 - private final 'classLoader' 'Ljava/lang/ClassLoader;' @52  null (0x00000000)
 - private transient 'classData' 'Ljava/lang/Object;' @56  null (0x00000000)
 - private transient 'packageName' 'Ljava/lang/String;' @60  null (0x00000000)
 - private final 'componentType' 'Ljava/lang/Class;' @64  null (0x00000000)
 - private volatile transient 'reflectionData' 'Ljava/lang/ref/SoftReference;' @68  null (0x00000000)
 - private volatile transient 'genericInfo' 'Lsun/reflect/generics/repository/ClassRepository;' @72  null (0x00000000)
 - private volatile transient 'enumConstants' '[Ljava/lang/Object;' @76  null (0x00000000)
 - private volatile transient 'enumConstantDirectory' 'Ljava/util/Map;' @80  null (0x00000000)
 - private volatile transient 'annotationData' 'Ljava/lang/Class$AnnotationData;' @84  null (0x00000000)
 - private volatile transient 'annotationType' 'Lsun/reflect/annotation/AnnotationType;' @88  null (0x00000000)
 - transient 'classValueMap' 'Ljava/lang/ClassValue$ClassValueMap;' @92  null (0x00000000)
 - injected 'protection_domain' 'Ljava/lang/Object;' @96  null (0x00000000)
 - injected 'signers_name' 'Ljava/lang/Object;' @100  null (0x00000000)
 - injected 'source_file' 'Ljava/lang/Object;' @104  null (0x00000000)
 - signature: Ljava/lang/invoke/DirectMethodHandle$Holder;
 - ---- static fields (0):
stack at sp + 7 slots: {method} {0x000001e2773e7390} 'newInvokeSpecial' '(Ljava/lang/Object;)Ljava/lang/Object;' in 'java/lang/invoke/DirectMethodHandle$Holder'

MethodHandle::interpreter_entry::_linkToSpecial [0x000001e26b9e100c, 0x000001e26b9e105b] (79 bytes)
[MachCode]
  0x000001e26b9e100c: 6666 660f | 1f84 0000 | 0000 0066 | 6666 900f | 1f44 0000 | 488b 5308 | 0fb7 522e | 488b 0cd4 
  0x000001e26b9e102c: 585b 5048 | 3b01 8b5b | 2448 c1e3 | 0348 8b5b | 1048 85db | 0f84 1000 | 0000 4180 | bfe0 0500 
  0x000001e26b9e104c: 0000 7403 | ff63 38ff | 6350 e9a5 | 
[/MachCode]

---------------  P R O C E S S  ---------------

Threads class SMR info:
_java_thread_list=0x000001e27e639450, length=33, elements={
0x000001e276974150, 0x000001e276974bb0, 0x000001e276976490, 0x000001e27694fcc0,
0x000001e276951730, 0x000001e276945fe0, 0x000001e276979980, 0x000001e276a97370,
0x000001e276bebd40, 0x000001e276bf25f0, 0x000001e276bfcda0, 0x000001e27b77f950,
0x000001e27b941000, 0x000001e27b9dc230, 0x000001e27ba10240, 0x000001e27ba108b0,
0x000001e27ba6ed00, 0x000001e27ba503f0, 0x000001e27c00c430, 0x000001e27e6270b0,
0x000001e27e6f81f0, 0x000001e27e628af0, 0x000001e27e629ea0, 0x000001e27e6f2ca0,
0x000001e27e6f74d0, 0x000001e27e6f39c0, 0x000001e27e6f3330, 0x000001e27e6f46e0,
0x000001e27e6f2610, 0x000001e27e6f4d70, 0x000001e27b921630, 0x000001e27c5e9ed0,
0x000001e27e6f7b60
}

Java Threads: ( => current thread )
  0x000001e276974150 JavaThread "Reference Handler"          daemon [_thread_blocked, id=7808, stack(0x000000137cc00000,0x000000137cd00000) (1024K)]
  0x000001e276974bb0 JavaThread "Finalizer"                  daemon [_thread_blocked, id=18276, stack(0x000000137cd00000,0x000000137ce00000) (1024K)]
  0x000001e276976490 JavaThread "Signal Dispatcher"          daemon [_thread_blocked, id=10500, stack(0x000000137ce00000,0x000000137cf00000) (1024K)]
  0x000001e27694fcc0 JavaThread "Attach Listener"            daemon [_thread_blocked, id=23992, stack(0x000000137cf00000,0x000000137d000000) (1024K)]
  0x000001e276951730 JavaThread "Service Thread"             daemon [_thread_blocked, id=17020, stack(0x000000137d000000,0x000000137d100000) (1024K)]
  0x000001e276945fe0 JavaThread "Monitor Deflation Thread"   daemon [_thread_blocked, id=10812, stack(0x000000137d100000,0x000000137d200000) (1024K)]
  0x000001e276979980 JavaThread "C1 CompilerThread0"         daemon [_thread_blocked, id=23052, stack(0x000000137d200000,0x000000137d300000) (1024K)]
  0x000001e276a97370 JavaThread "Common-Cleaner"             daemon [_thread_blocked, id=13280, stack(0x000000137d300000,0x000000137d400000) (1024K)]
  0x000001e276bebd40 JavaThread "JDWP Transport Listener: dt_socket" daemon [_thread_blocked, id=1936, stack(0x000000137d500000,0x000000137d600000) (1024K)]
  0x000001e276bf25f0 JavaThread "JDWP Event Helper Thread"   daemon [_thread_blocked, id=9280, stack(0x000000137d600000,0x000000137d700000) (1024K)]
  0x000001e276bfcda0 JavaThread "JDWP Command Reader"        daemon [_thread_in_native, id=6884, stack(0x000000137d700000,0x000000137d800000) (1024K)]
  0x000001e27b77f950 JavaThread "Notification Thread"        daemon [_thread_blocked, id=18820, stack(0x000000137d800000,0x000000137d900000) (1024K)]
  0x000001e27b941000 JavaThread "RMI TCP Accept-0"           daemon [_thread_in_native, id=21824, stack(0x000000137da00000,0x000000137db00000) (1024K)]
  0x000001e27b9dc230 JavaThread "RMI TCP Accept-61650"       daemon [_thread_in_native, id=19356, stack(0x000000137db00000,0x000000137dc00000) (1024K)]
  0x000001e27ba10240 JavaThread "RMI Scheduler(0)"           daemon [_thread_blocked, id=16800, stack(0x000000137e500000,0x000000137e600000) (1024K)]
  0x000001e27ba108b0 JavaThread "RMI TCP Connection(idle)"   daemon [_thread_blocked, id=4256, stack(0x000000137e600000,0x000000137e700000) (1024K)]
  0x000001e27ba6ed00 JavaThread "JMX server connection timeout 38" daemon [_thread_blocked, id=7748, stack(0x000000137e700000,0x000000137e800000) (1024K)]
  0x000001e27ba503f0 JavaThread "RMI TCP Accept-0"           daemon [_thread_in_native, id=18856, stack(0x000000137e800000,0x000000137e900000) (1024K)]
  0x000001e27c00c430 JavaThread "mysql-cj-abandoned-connection-cleanup" daemon [_thread_blocked, id=15912, stack(0x000000137f200000,0x000000137f300000) (1024K)]
  0x000001e27e6270b0 JavaThread "Live Reload Server"         daemon [_thread_in_native, id=7200, stack(0x000000137f800000,0x000000137f900000) (1024K)]
  0x000001e27e6f81f0 JavaThread "DestroyJavaVM"                     [_thread_blocked, id=23960, stack(0x000000137c400000,0x000000137c500000) (1024K)]
  0x000001e27e628af0 JavaThread "RMI TCP Connection(idle)"   daemon [_thread_blocked, id=6900, stack(0x0000001301800000,0x0000001301900000) (1024K)]
  0x000001e27e629ea0 JavaThread "RMI TCP Connection(idle)"   daemon [_thread_blocked, id=11748, stack(0x0000001300000000,0x0000001300100000) (1024K)]
  0x000001e27e6f2ca0 JavaThread "RMI TCP Connection(18)-127.0.0.1" daemon [_thread_in_native, id=23760, stack(0x0000001301700000,0x0000001301800000) (1024K)]
  0x000001e27e6f74d0 JavaThread "Thread-27"                         [_thread_blocked, id=17368, stack(0x0000001300700000,0x0000001300800000) (1024K)]
=>0x000001e27e6f39c0 JavaThread "restartedMain"                     [_thread_in_Java, id=12532, stack(0x0000001300300000,0x0000001300400000) (1024K)]
  0x000001e27e6f3330 JavaThread "Catalina-utility-1"                [_thread_blocked, id=24468, stack(0x0000001300400000,0x0000001300500000) (1024K)]
  0x000001e27e6f46e0 JavaThread "Catalina-utility-2"                [_thread_blocked, id=15844, stack(0x0000001300500000,0x0000001300600000) (1024K)]
  0x000001e27e6f2610 JavaThread "container-0"                       [_thread_blocked, id=17516, stack(0x0000001300600000,0x0000001300700000) (1024K)]
  0x000001e27e6f4d70 JavaThread "HikariPool-8 housekeeper"   daemon [_thread_blocked, id=1676, stack(0x0000001300800000,0x0000001300900000) (1024K)]
  0x000001e27b921630 JavaThread "C1 CompilerThread1"         daemon [_thread_blocked, id=22168, stack(0x0000001300900000,0x0000001300a00000) (1024K)]
  0x000001e27c5e9ed0 JavaThread "C1 CompilerThread2"         daemon [_thread_blocked, id=17852, stack(0x0000001300a00000,0x0000001300b00000) (1024K)]
  0x000001e27e6f7b60 JavaThread "HikariPool-8 connection adder" daemon [_thread_blocked, id=17676, stack(0x0000001300c00000,0x0000001300d00000) (1024K)]
Total: 33

Other Threads:
  0x000001e2768e83c0 VMThread "VM Thread"                           [id=2096, stack(0x000000137cb00000,0x000000137cc00000) (1024K)] _threads_hazard_ptr=0x000001e27e639450
  0x000001e2765320c0 WatcherThread "VM Periodic Task Thread"        [id=18216, stack(0x000000137ca00000,0x000000137cb00000) (1024K)]
  0x000001e267f226a0 WorkerThread "GC Thread#0"                     [id=22164, stack(0x000000137c500000,0x000000137c600000) (1024K)]
  0x000001e27b9e1430 WorkerThread "GC Thread#1"                     [id=11524, stack(0x000000137dc00000,0x000000137dd00000) (1024K)]
  0x000001e27b9e17d0 WorkerThread "GC Thread#2"                     [id=13152, stack(0x000000137dd00000,0x000000137de00000) (1024K)]
  0x000001e27b9e1b70 WorkerThread "GC Thread#3"                     [id=1828, stack(0x000000137de00000,0x000000137df00000) (1024K)]
  0x000001e27b9e1f10 WorkerThread "GC Thread#4"                     [id=12852, stack(0x000000137df00000,0x000000137e000000) (1024K)]
  0x000001e27b9e22b0 WorkerThread "GC Thread#5"                     [id=7528, stack(0x000000137e000000,0x000000137e100000) (1024K)]
  0x000001e27ba06eb0 WorkerThread "GC Thread#6"                     [id=4176, stack(0x000000137e100000,0x000000137e200000) (1024K)]
  0x000001e27ba07250 WorkerThread "GC Thread#7"                     [id=22100, stack(0x000000137e200000,0x000000137e300000) (1024K)]
  0x000001e27ba075f0 WorkerThread "GC Thread#8"                     [id=24492, stack(0x000000137e300000,0x000000137e400000) (1024K)]
  0x000001e27bf2aa40 WorkerThread "GC Thread#9"                     [id=5620, stack(0x000000137e900000,0x000000137ea00000) (1024K)]
  0x000001e267f330c0 ConcurrentGCThread "G1 Main Marker"            [id=23588, stack(0x000000137c600000,0x000000137c700000) (1024K)]
  0x000001e267f33ac0 WorkerThread "G1 Conc#0"                       [id=4824, stack(0x000000137c700000,0x000000137c800000) (1024K)]
  0x000001e27bf29f60 WorkerThread "G1 Conc#1"                       [id=22304, stack(0x000000137ec00000,0x000000137ed00000) (1024K)]
  0x000001e27bf2ade0 WorkerThread "G1 Conc#2"                       [id=17224, stack(0x000000137ed00000,0x000000137ee00000) (1024K)]
  0x000001e267f6e5a0 ConcurrentGCThread "G1 Refine#0"               [id=19944, stack(0x000000137c800000,0x000000137c900000) (1024K)]
  0x000001e2764081a0 ConcurrentGCThread "G1 Service"                [id=4916, stack(0x000000137c900000,0x000000137ca00000) (1024K)]
Total: 18

Threads with active compile tasks:
Total: 0

VM state: synchronizing (normal execution)

VM Mutex/Monitor currently owned by a thread:  ([mutex/lock_event])
[0x00007ffd96b42128] Threads_lock - owner thread: 0x000001e2768e83c0

Heap address: 0x0000000704c00000, size: 4020 MB, Compressed Oops mode: Zero based, Oop shift amount: 3

CDS archive(s) not mapped
Compressed class space mapped at: 0x0000000800000000-0x0000000840000000, reserved size: 1073741824
Narrow klass base: 0x0000000800000000, Narrow klass shift: 0, Narrow klass range: 0x40000000

GC Precious Log:
 CardTable entry size: 512
 Card Set container configuration: InlinePtr #cards 4 size 8 Array Of Cards #cards 16 size 48 Howl #buckets 8 coarsen threshold 3686 Howl Bitmap #cards 512 size 80 coarsen threshold 460 Card regions per heap region 1 cards per card region 4096
 CPUs: 12 total, 12 available
 Memory: 16076M
 Large Page Support: Disabled
 NUMA Support: Disabled
 Compressed Oops: Enabled (Zero based)
 Heap Region Size: 2M
 Heap Min Capacity: 8M
 Heap Initial Capacity: 252M
 Heap Max Capacity: 4020M
 Pre-touch: Disabled
 Parallel Workers: 10
 Concurrent Workers: 3
 Concurrent Refinement Workers: 10
 Periodic GC: Disabled

Heap:
 garbage-first heap   total 96256K, used 73997K [0x0000000704c00000, 0x0000000800000000)
  region size 2048K, 26 young (53248K), 0 survivors (0K)
 Metaspace       used 82633K, committed 83328K, reserved 1179648K
  class space    used 10769K, committed 11136K, reserved 1048576K

Heap Regions: E=young(eden), S=young(survivor), O=old, HS=humongous(starts), HC=humongous(continues), CS=collection set, F=free, TAMS=top-at-mark-start, PB=parsable bottom
|   0|0x0000000704c00000, 0x0000000704e00000, 0x0000000704e00000|100%| O|  |TAMS 0x0000000704c00000| PB 0x0000000704c00000| Untracked 
|   1|0x0000000704e00000, 0x0000000704ffffe8, 0x0000000705000000| 99%| O|  |TAMS 0x0000000704e00000| PB 0x0000000704e00000| Untracked 
|   2|0x0000000705000000, 0x0000000705200000, 0x0000000705200000|100%| O|  |TAMS 0x0000000705000000| PB 0x0000000705000000| Untracked 
|   3|0x0000000705200000, 0x00000007053fdc38, 0x0000000705400000| 99%| O|  |TAMS 0x0000000705200000| PB 0x0000000705200000| Untracked 
|   4|0x0000000705400000, 0x00000007055fffc0, 0x0000000705600000| 99%| O|  |TAMS 0x0000000705400000| PB 0x0000000705400000| Untracked 
|   5|0x0000000705600000, 0x00000007057ffff0, 0x0000000705800000| 99%| O|  |TAMS 0x0000000705600000| PB 0x0000000705600000| Untracked 
|   6|0x0000000705800000, 0x00000007059fec38, 0x0000000705a00000| 99%| O|  |TAMS 0x0000000705800000| PB 0x0000000705800000| Untracked 
|   7|0x0000000705a00000, 0x0000000705bffc30, 0x0000000705c00000| 99%| O|  |TAMS 0x0000000705a00000| PB 0x0000000705a00000| Untracked 
|   8|0x0000000705c00000, 0x0000000705dffff8, 0x0000000705e00000| 99%| O|  |TAMS 0x0000000705c00000| PB 0x0000000705c00000| Untracked 
|   9|0x0000000705e00000, 0x0000000705f2a228, 0x0000000706000000| 58%| O|  |TAMS 0x0000000705e00000| PB 0x0000000705e00000| Untracked 
|  10|0x0000000706000000, 0x00000007061ffff0, 0x0000000706200000| 99%| O|  |TAMS 0x0000000706000000| PB 0x0000000706000000| Untracked 
|  11|0x0000000706200000, 0x00000007063ca3b8, 0x0000000706400000| 89%| O|  |TAMS 0x0000000706200000| PB 0x0000000706200000| Untracked 
|  12|0x0000000706400000, 0x00000007064535e0, 0x0000000706600000| 16%| O|  |TAMS 0x0000000706400000| PB 0x0000000706400000| Untracked 
|  13|0x0000000706600000, 0x0000000706600000, 0x0000000706800000|  0%| F|  |TAMS 0x0000000706600000| PB 0x0000000706600000| Untracked 
|  14|0x0000000706800000, 0x00000007068ff500, 0x0000000706a00000| 49%| O|  |TAMS 0x0000000706800000| PB 0x0000000706800000| Untracked 
|  15|0x0000000706a00000, 0x0000000706a00000, 0x0000000706c00000|  0%| F|  |TAMS 0x0000000706a00000| PB 0x0000000706a00000| Untracked 
|  16|0x0000000706c00000, 0x0000000706c00000, 0x0000000706e00000|  0%| F|  |TAMS 0x0000000706c00000| PB 0x0000000706c00000| Untracked 
|  17|0x0000000706e00000, 0x0000000706e00000, 0x0000000707000000|  0%| F|  |TAMS 0x0000000706e00000| PB 0x0000000706e00000| Untracked 
|  18|0x0000000707000000, 0x0000000707000000, 0x0000000707200000|  0%| F|  |TAMS 0x0000000707000000| PB 0x0000000707000000| Untracked 
|  19|0x0000000707200000, 0x0000000707200000, 0x0000000707400000|  0%| F|  |TAMS 0x0000000707200000| PB 0x0000000707200000| Untracked 
|  20|0x0000000707400000, 0x0000000707400000, 0x0000000707600000|  0%| F|  |TAMS 0x0000000707400000| PB 0x0000000707400000| Untracked 
|  21|0x0000000707600000, 0x00000007077a3890, 0x0000000707800000| 81%| E|  |TAMS 0x0000000707600000| PB 0x0000000707600000| Complete 
|  22|0x0000000707800000, 0x0000000707a00000, 0x0000000707a00000|100%| E|CS|TAMS 0x0000000707800000| PB 0x0000000707800000| Complete 
|  23|0x0000000707a00000, 0x0000000707c00000, 0x0000000707c00000|100%| E|CS|TAMS 0x0000000707a00000| PB 0x0000000707a00000| Complete 
|  24|0x0000000707c00000, 0x0000000707e00000, 0x0000000707e00000|100%| E|CS|TAMS 0x0000000707c00000| PB 0x0000000707c00000| Complete 
|  25|0x0000000707e00000, 0x0000000708000000, 0x0000000708000000|100%| E|CS|TAMS 0x0000000707e00000| PB 0x0000000707e00000| Complete 
|  26|0x0000000708000000, 0x0000000708200000, 0x0000000708200000|100%| E|CS|TAMS 0x0000000708000000| PB 0x0000000708000000| Complete 
|  27|0x0000000708200000, 0x0000000708400000, 0x0000000708400000|100%| E|CS|TAMS 0x0000000708200000| PB 0x0000000708200000| Complete 
|  28|0x0000000708400000, 0x0000000708600000, 0x0000000708600000|100%| E|  |TAMS 0x0000000708400000| PB 0x0000000708400000| Complete 
|  29|0x0000000708600000, 0x0000000708800000, 0x0000000708800000|100%| E|CS|TAMS 0x0000000708600000| PB 0x0000000708600000| Complete 
|  30|0x0000000708800000, 0x0000000708a00000, 0x0000000708a00000|100%| E|CS|TAMS 0x0000000708800000| PB 0x0000000708800000| Complete 
|  31|0x0000000708a00000, 0x0000000708c00000, 0x0000000708c00000|100%| E|CS|TAMS 0x0000000708a00000| PB 0x0000000708a00000| Complete 
|  32|0x0000000708c00000, 0x0000000708e00000, 0x0000000708e00000|100%| E|CS|TAMS 0x0000000708c00000| PB 0x0000000708c00000| Complete 
|  33|0x0000000708e00000, 0x0000000709000000, 0x0000000709000000|100%| E|CS|TAMS 0x0000000708e00000| PB 0x0000000708e00000| Complete 
|  34|0x0000000709000000, 0x0000000709200000, 0x0000000709200000|100%| E|CS|TAMS 0x0000000709000000| PB 0x0000000709000000| Complete 
|  35|0x0000000709200000, 0x0000000709400000, 0x0000000709400000|100%| E|CS|TAMS 0x0000000709200000| PB 0x0000000709200000| Complete 
|  36|0x0000000709400000, 0x0000000709600000, 0x0000000709600000|100%| E|CS|TAMS 0x0000000709400000| PB 0x0000000709400000| Complete 
|  37|0x0000000709600000, 0x0000000709800000, 0x0000000709800000|100%| E|CS|TAMS 0x0000000709600000| PB 0x0000000709600000| Complete 
|  38|0x0000000709800000, 0x0000000709a00000, 0x0000000709a00000|100%| E|CS|TAMS 0x0000000709800000| PB 0x0000000709800000| Complete 
|  39|0x0000000709a00000, 0x0000000709c00000, 0x0000000709c00000|100%| E|CS|TAMS 0x0000000709a00000| PB 0x0000000709a00000| Complete 
|  40|0x0000000709c00000, 0x0000000709e00000, 0x0000000709e00000|100%| E|CS|TAMS 0x0000000709c00000| PB 0x0000000709c00000| Complete 
|  41|0x0000000709e00000, 0x000000070a000000, 0x000000070a000000|100%| E|CS|TAMS 0x0000000709e00000| PB 0x0000000709e00000| Complete 
|  42|0x000000070a000000, 0x000000070a200000, 0x000000070a200000|100%| E|CS|TAMS 0x000000070a000000| PB 0x000000070a000000| Complete 
|  43|0x000000070a200000, 0x000000070a400000, 0x000000070a400000|100%| E|CS|TAMS 0x000000070a200000| PB 0x000000070a200000| Complete 
|  44|0x000000070a400000, 0x000000070a600000, 0x000000070a600000|100%| E|CS|TAMS 0x000000070a400000| PB 0x000000070a400000| Complete 
|  45|0x000000070a600000, 0x000000070a800000, 0x000000070a800000|100%| E|CS|TAMS 0x000000070a600000| PB 0x000000070a600000| Complete 
|  46|0x000000070a800000, 0x000000070aa00000, 0x000000070aa00000|100%| E|CS|TAMS 0x000000070a800000| PB 0x000000070a800000| Complete 

Card table byte_map: [0x000001e26f4c0000,0x000001e26fca0000] _byte_map_base: 0x000001e26bc9a000

Marking Bits: (CMBitMap*) 0x000001e267f22ca0
 Bits: [0x000001e26fca0000, 0x000001e273b70000)

Polling page: 0x000001e265eb0000

Metaspace:

Usage:
  Non-class:     70.18 MB used.
      Class:     10.52 MB used.
       Both:     80.70 MB used.

Virtual space:
  Non-class space:      128.00 MB reserved,      70.50 MB ( 55%) committed,  2 nodes.
      Class space:        1.00 GB reserved,      10.88 MB (  1%) committed,  1 nodes.
             Both:        1.12 GB reserved,      81.38 MB (  7%) committed. 

Chunk freelists:
   Non-Class:  9.08 MB
       Class:  5.22 MB
        Both:  14.30 MB

MaxMetaspaceSize: unlimited
CompressedClassSpaceSize: 1.00 GB
Initial GC threshold: 21.00 MB
Current GC threshold: 135.31 MB
CDS: off
 - commit_granule_bytes: 65536.
 - commit_granule_words: 8192.
 - virtual_space_node_default_size: 8388608.
 - enlarge_chunks_in_place: 1.
 - use_allocation_guard: 0.


Internal statistics:

num_allocs_failed_limit: 9.
num_arena_births: 1136.
num_arena_deaths: 420.
num_vsnodes_births: 3.
num_vsnodes_deaths: 0.
num_space_committed: 1302.
num_space_uncommitted: 0.
num_chunks_returned_to_freelist: 512.
num_chunks_taken_from_freelist: 3865.
num_chunk_merges: 128.
num_chunk_splits: 2557.
num_chunks_enlarged: 1954.
num_inconsistent_stats: 0.

CodeCache: size=49152Kb used=16042Kb max_used=16606Kb free=33109Kb
 bounds [0x000001e26b9b0000, 0x000001e26ca20000, 0x000001e26e9b0000]
 total_blobs=7994 nmethods=7266 adapters=649
 compilation: enabled
              stopped_count=0, restarted_count=0
 full_count=0

Compilation events (20 events):
Event: 308.613 Thread 0x000001e27c5e9ed0 9728       1       java.lang.Enum::compareTo (44 bytes)
Event: 308.613 Thread 0x000001e27c5e9ed0 nmethod 9728 0x000001e26c0fdc10 code [0x000001e26c0fdde0, 0x000001e26c0fe058]
Event: 308.651 Thread 0x000001e27b921630 9729       1       sun.security.ec.point.ProjectivePoint$Mutable::<init> (8 bytes)
Event: 308.651 Thread 0x000001e27b921630 nmethod 9729 0x000001e26c244690 code [0x000001e26c244840, 0x000001e26c244a30]
Event: 308.655 Thread 0x000001e27b921630 9730       1       sun.security.ssl.SSLSocketImpl::setSoTimeout (6 bytes)
Event: 308.655 Thread 0x000001e27be4f100 9731       1       sun.security.ssl.BaseSSLSocketImpl::setSoTimeout (25 bytes)
Event: 308.655 Thread 0x000001e27b921630 nmethod 9730 0x000001e26c27e810 code [0x000001e26c27e9c0, 0x000001e26c27eb30]
Event: 308.655 Thread 0x000001e27be4f100 nmethod 9731 0x000001e26c2a3590 code [0x000001e26c2a3740, 0x000001e26c2a38b0]
Event: 308.687 Thread 0x000001e27c5e9ed0 9732       1       java.net.InetSocketAddress::<init> (32 bytes)
Event: 308.687 Thread 0x000001e276979980 9733       1       java.net.InetSocketAddress::checkPort (39 bytes)
Event: 308.687 Thread 0x000001e276979980 nmethod 9733 0x000001e26c331390 code [0x000001e26c331580, 0x000001e26c331870]
Event: 308.687 Thread 0x000001e27c5e9ed0 nmethod 9732 0x000001e26c403f10 code [0x000001e26c4040e0, 0x000001e26c404390]
Event: 308.687 Thread 0x000001e27be4f100 9734       1       java.net.InetSocketAddress$InetSocketAddressHolder::<init> (20 bytes)
Event: 308.687 Thread 0x000001e27be4f100 nmethod 9734 0x000001e26bf6e710 code [0x000001e26bf6e8a0, 0x000001e26bf6ea10]
Event: 308.743 Thread 0x000001e27be4f100 9735       1       java.util.LinkedList$LLSpliterator::forEachRemaining (93 bytes)
Event: 308.743 Thread 0x000001e27be4f100 nmethod 9735 0x000001e26c42e490 code [0x000001e26c42e680, 0x000001e26c42e9f8]
Event: 308.744 Thread 0x000001e27be4f100 9736       1       com.mysql.cj.protocol.a.NativeMessageBuilder::<init> (15 bytes)
Event: 308.744 Thread 0x000001e27be4f100 nmethod 9736 0x000001e26c559e10 code [0x000001e26c559fa0, 0x000001e26c55a070]
Event: 309.922 Thread 0x000001e27c5e9ed0 9737       1       java.io.ObjectStreamClass$FieldReflector::setPrimFieldValues (329 bytes)
Event: 309.924 Thread 0x000001e27c5e9ed0 nmethod 9737 0x000001e26c889810 code [0x000001e26c889a60, 0x000001e26c88a2a0]

GC Heap History (20 events):
Event: 241.445 GC heap before
{Heap before GC invocations=25 (full 2):
 garbage-first heap   total 96256K, used 79322K [0x0000000704c00000, 0x0000000800000000)
  region size 2048K, 28 young (57344K), 0 survivors (0K)
 Metaspace       used 81521K, committed 82432K, reserved 1179648K
  class space    used 10675K, committed 11072K, reserved 1048576K
}
Event: 241.447 GC heap after
{Heap after GC invocations=26 (full 2):
 garbage-first heap   total 96256K, used 28831K [0x0000000704c00000, 0x0000000800000000)
  region size 2048K, 3 young (6144K), 3 survivors (6144K)
 Metaspace       used 81521K, committed 82432K, reserved 1179648K
  class space    used 10675K, committed 11072K, reserved 1048576K
}
Event: 256.143 GC heap before
{Heap before GC invocations=26 (full 2):
 garbage-first heap   total 96256K, used 37023K [0x0000000704c00000, 0x0000000800000000)
  region size 2048K, 9 young (18432K), 3 survivors (6144K)
 Metaspace       used 81524K, committed 82432K, reserved 1179648K
  class space    used 10675K, committed 11072K, reserved 1048576K
}
Event: 256.170 GC heap after
{Heap after GC invocations=27 (full 3):
 garbage-first heap   total 96256K, used 24137K [0x0000000704c00000, 0x0000000800000000)
  region size 2048K, 0 young (0K), 0 survivors (0K)
 Metaspace       used 81521K, committed 82432K, reserved 1179648K
  class space    used 10675K, committed 11072K, reserved 1048576K
}
Event: 256.543 GC heap before
{Heap before GC invocations=27 (full 3):
 garbage-first heap   total 96256K, used 79433K [0x0000000704c00000, 0x0000000800000000)
  region size 2048K, 28 young (57344K), 0 survivors (0K)
 Metaspace       used 81735K, committed 82496K, reserved 1179648K
  class space    used 10692K, committed 11072K, reserved 1048576K
}
Event: 256.546 GC heap after
{Heap after GC invocations=28 (full 3):
 garbage-first heap   total 96256K, used 29048K [0x0000000704c00000, 0x0000000800000000)
  region size 2048K, 3 young (6144K), 3 survivors (6144K)
 Metaspace       used 81735K, committed 82496K, reserved 1179648K
  class space    used 10692K, committed 11072K, reserved 1048576K
}
Event: 263.095 GC heap before
{Heap before GC invocations=28 (full 3):
 garbage-first heap   total 96256K, used 39288K [0x0000000704c00000, 0x0000000800000000)
  region size 2048K, 9 young (18432K), 3 survivors (6144K)
 Metaspace       used 81739K, committed 82496K, reserved 1179648K
  class space    used 10692K, committed 11072K, reserved 1048576K
}
Event: 263.125 GC heap after
{Heap after GC invocations=29 (full 4):
 garbage-first heap   total 96256K, used 24330K [0x0000000704c00000, 0x0000000800000000)
  region size 2048K, 0 young (0K), 0 survivors (0K)
 Metaspace       used 81736K, committed 82496K, reserved 1179648K
  class space    used 10692K, committed 11072K, reserved 1048576K
}
Event: 263.432 GC heap before
{Heap before GC invocations=29 (full 4):
 garbage-first heap   total 96256K, used 77578K [0x0000000704c00000, 0x0000000800000000)
  region size 2048K, 27 young (55296K), 0 survivors (0K)
 Metaspace       used 81959K, committed 82624K, reserved 1179648K
  class space    used 10712K, committed 11072K, reserved 1048576K
}
Event: 263.435 GC heap after
{Heap after GC invocations=30 (full 4):
 garbage-first heap   total 96256K, used 29321K [0x0000000704c00000, 0x0000000800000000)
  region size 2048K, 3 young (6144K), 3 survivors (6144K)
 Metaspace       used 81959K, committed 82624K, reserved 1179648K
  class space    used 10712K, committed 11072K, reserved 1048576K
}
Event: 277.165 GC heap before
{Heap before GC invocations=30 (full 4):
 garbage-first heap   total 96256K, used 41609K [0x0000000704c00000, 0x0000000800000000)
  region size 2048K, 10 young (20480K), 3 survivors (6144K)
 Metaspace       used 81963K, committed 82624K, reserved 1179648K
  class space    used 10712K, committed 11072K, reserved 1048576K
}
Event: 277.190 GC heap after
{Heap after GC invocations=31 (full 5):
 garbage-first heap   total 96256K, used 24518K [0x0000000704c00000, 0x0000000800000000)
  region size 2048K, 0 young (0K), 0 survivors (0K)
 Metaspace       used 81959K, committed 82624K, reserved 1179648K
  class space    used 10712K, committed 11072K, reserved 1048576K
}
Event: 277.493 GC heap before
{Heap before GC invocations=31 (full 5):
 garbage-first heap   total 96256K, used 77766K [0x0000000704c00000, 0x0000000800000000)
  region size 2048K, 27 young (55296K), 0 survivors (0K)
 Metaspace       used 82187K, committed 82880K, reserved 1179648K
  class space    used 10732K, committed 11136K, reserved 1048576K
}
Event: 277.496 GC heap after
{Heap after GC invocations=32 (full 5):
 garbage-first heap   total 96256K, used 29477K [0x0000000704c00000, 0x0000000800000000)
  region size 2048K, 3 young (6144K), 3 survivors (6144K)
 Metaspace       used 82187K, committed 82880K, reserved 1179648K
  class space    used 10732K, committed 11136K, reserved 1048576K
}
Event: 283.040 GC heap before
{Heap before GC invocations=32 (full 5):
 garbage-first heap   total 96256K, used 39717K [0x0000000704c00000, 0x0000000800000000)
  region size 2048K, 9 young (18432K), 3 survivors (6144K)
 Metaspace       used 82192K, committed 82944K, reserved 1179648K
  class space    used 10733K, committed 11136K, reserved 1048576K
}
Event: 283.066 GC heap after
{Heap after GC invocations=33 (full 6):
 garbage-first heap   total 96256K, used 24709K [0x0000000704c00000, 0x0000000800000000)
  region size 2048K, 0 young (0K), 0 survivors (0K)
 Metaspace       used 82189K, committed 82944K, reserved 1179648K
  class space    used 10732K, committed 11136K, reserved 1048576K
}
Event: 283.367 GC heap before
{Heap before GC invocations=33 (full 6):
 garbage-first heap   total 96256K, used 77957K [0x0000000704c00000, 0x0000000800000000)
  region size 2048K, 27 young (55296K), 0 survivors (0K)
 Metaspace       used 82405K, committed 83136K, reserved 1179648K
  class space    used 10750K, committed 11136K, reserved 1048576K
}
Event: 283.370 GC heap after
{Heap after GC invocations=34 (full 6):
 garbage-first heap   total 96256K, used 29755K [0x0000000704c00000, 0x0000000800000000)
  region size 2048K, 3 young (6144K), 3 survivors (6144K)
 Metaspace       used 82405K, committed 83136K, reserved 1179648K
  class space    used 10750K, committed 11136K, reserved 1048576K
}
Event: 308.124 GC heap before
{Heap before GC invocations=34 (full 6):
 garbage-first heap   total 96256K, used 42043K [0x0000000704c00000, 0x0000000800000000)
  region size 2048K, 10 young (20480K), 3 survivors (6144K)
 Metaspace       used 82408K, committed 83136K, reserved 1179648K
  class space    used 10750K, committed 11136K, reserved 1048576K
}
Event: 308.154 GC heap after
{Heap after GC invocations=35 (full 7):
 garbage-first heap   total 96256K, used 24845K [0x0000000704c00000, 0x0000000800000000)
  region size 2048K, 0 young (0K), 0 survivors (0K)
 Metaspace       used 82405K, committed 83136K, reserved 1179648K
  class space    used 10750K, committed 11136K, reserved 1048576K
}

Dll operation events (12 events):
Event: 0.005 Loaded shared library D:\STS\sts-4.24.0.RELEASE\plugins\org.eclipse.justj.openjdk.hotspot.jre.full.win32.x86_64_21.0.3.v20240426-1530\jre\bin\java.dll
Event: 0.008 Loaded shared library D:\STS\sts-4.24.0.RELEASE\plugins\org.eclipse.justj.openjdk.hotspot.jre.full.win32.x86_64_21.0.3.v20240426-1530\jre\bin\zip.dll
Event: 0.220 Loaded shared library D:\STS\sts-4.24.0.RELEASE\plugins\org.eclipse.justj.openjdk.hotspot.jre.full.win32.x86_64_21.0.3.v20240426-1530\jre\bin\instrument.dll
Event: 0.226 Loaded shared library D:\STS\sts-4.24.0.RELEASE\plugins\org.eclipse.justj.openjdk.hotspot.jre.full.win32.x86_64_21.0.3.v20240426-1530\jre\bin\net.dll
Event: 0.226 Loaded shared library D:\STS\sts-4.24.0.RELEASE\plugins\org.eclipse.justj.openjdk.hotspot.jre.full.win32.x86_64_21.0.3.v20240426-1530\jre\bin\nio.dll
Event: 0.231 Loaded shared library D:\STS\sts-4.24.0.RELEASE\plugins\org.eclipse.justj.openjdk.hotspot.jre.full.win32.x86_64_21.0.3.v20240426-1530\jre\bin\zip.dll
Event: 0.312 Loaded shared library D:\STS\sts-4.24.0.RELEASE\plugins\org.eclipse.justj.openjdk.hotspot.jre.full.win32.x86_64_21.0.3.v20240426-1530\jre\bin\jimage.dll
Event: 0.341 Loaded shared library D:\STS\sts-4.24.0.RELEASE\plugins\org.eclipse.justj.openjdk.hotspot.jre.full.win32.x86_64_21.0.3.v20240426-1530\jre\bin\management.dll
Event: 0.347 Loaded shared library D:\STS\sts-4.24.0.RELEASE\plugins\org.eclipse.justj.openjdk.hotspot.jre.full.win32.x86_64_21.0.3.v20240426-1530\jre\bin\management_ext.dll
Event: 0.467 Loaded shared library D:\STS\sts-4.24.0.RELEASE\plugins\org.eclipse.justj.openjdk.hotspot.jre.full.win32.x86_64_21.0.3.v20240426-1530\jre\bin\extnet.dll
Event: 0.487 Loaded shared library D:\STS\sts-4.24.0.RELEASE\plugins\org.eclipse.justj.openjdk.hotspot.jre.full.win32.x86_64_21.0.3.v20240426-1530\jre\bin\verify.dll
Event: 1.054 Loaded shared library D:\STS\sts-4.24.0.RELEASE\plugins\org.eclipse.justj.openjdk.hotspot.jre.full.win32.x86_64_21.0.3.v20240426-1530\jre\bin\sunmscapi.dll

Deoptimization events (20 events):
Event: 308.440 Thread 0x000001e27e6f39c0 DEOPT PACKING pc=0x000001e26c16deec sp=0x00000013003fa7a0
Event: 308.441 Thread 0x000001e27e6f39c0 DEOPT UNPACKING pc=0x000001e26ba04e42 sp=0x00000013003f9cd8 mode 1
Event: 308.441 Thread 0x000001e27e6f39c0 DEOPT PACKING pc=0x000001e26c16f5f4 sp=0x00000013003fa890
Event: 308.441 Thread 0x000001e27e6f39c0 DEOPT UNPACKING pc=0x000001e26ba04e42 sp=0x00000013003f9e40 mode 1
Event: 308.441 Thread 0x000001e27e6f39c0 DEOPT PACKING pc=0x000001e26c171aac sp=0x00000013003faa00
Event: 308.441 Thread 0x000001e27e6f39c0 DEOPT UNPACKING pc=0x000001e26ba04e42 sp=0x00000013003f9fc0 mode 1
Event: 308.441 Thread 0x000001e27e6f39c0 DEOPT PACKING pc=0x000001e26c16deec sp=0x00000013003fa7a0
Event: 308.441 Thread 0x000001e27e6f39c0 DEOPT UNPACKING pc=0x000001e26ba04e42 sp=0x00000013003f9cd8 mode 1
Event: 308.441 Thread 0x000001e27e6f39c0 DEOPT PACKING pc=0x000001e26c16f5f4 sp=0x00000013003fa890
Event: 308.441 Thread 0x000001e27e6f39c0 DEOPT UNPACKING pc=0x000001e26ba04e42 sp=0x00000013003f9e40 mode 1
Event: 308.441 Thread 0x000001e27e6f39c0 DEOPT PACKING pc=0x000001e26c171aac sp=0x00000013003faa00
Event: 308.441 Thread 0x000001e27e6f39c0 DEOPT UNPACKING pc=0x000001e26ba04e42 sp=0x00000013003f9fc0 mode 1
Event: 308.443 Thread 0x000001e27e6f39c0 DEOPT PACKING pc=0x000001e26c16deec sp=0x00000013003fce60
Event: 308.443 Thread 0x000001e27e6f39c0 DEOPT UNPACKING pc=0x000001e26ba04e42 sp=0x00000013003fc398 mode 1
Event: 308.443 Thread 0x000001e27e6f39c0 DEOPT PACKING pc=0x000001e26c16f5f4 sp=0x00000013003fcf50
Event: 308.443 Thread 0x000001e27e6f39c0 DEOPT UNPACKING pc=0x000001e26ba04e42 sp=0x00000013003fc500 mode 1
Event: 308.443 Thread 0x000001e27e6f39c0 DEOPT PACKING pc=0x000001e26c171aac sp=0x00000013003fd0c0
Event: 308.443 Thread 0x000001e27e6f39c0 DEOPT UNPACKING pc=0x000001e26ba04e42 sp=0x00000013003fc680 mode 1
Event: 310.622 Thread 0x000001e27e6f39c0 DEOPT PACKING pc=0x000001e26bd64234 sp=0x00000013003fddb0
Event: 310.622 Thread 0x000001e27e6f39c0 DEOPT UNPACKING pc=0x000001e26ba04e42 sp=0x00000013003fd268 mode 0

Classes loaded (20 events):
Event: 153.887 Loading class sun/security/ssl/Alert$Level
Event: 153.887 Loading class sun/security/ssl/Alert$Level done
Event: 153.888 Loading class sun/net/ConnectionResetException
Event: 153.888 Loading class sun/net/ConnectionResetException done
Event: 153.896 Loading class java/util/WeakHashMap$KeyIterator
Event: 153.896 Loading class java/util/WeakHashMap$HashIterator
Event: 153.896 Loading class java/util/WeakHashMap$HashIterator done
Event: 153.896 Loading class java/util/WeakHashMap$KeyIterator done
Event: 153.933 Loading class java/lang/ref/Finalizer$2
Event: 153.933 Loading class java/lang/ref/Finalizer$2 done
Event: 153.933 Loading class java/lang/ref/Finalizer$1
Event: 153.933 Loading class java/lang/ref/Finalizer$1 done
Event: 154.078 Loading class java/util/WeakHashMap$EntrySet
Event: 154.078 Loading class java/util/WeakHashMap$EntrySet done
Event: 154.078 Loading class java/util/WeakHashMap$EntryIterator
Event: 154.078 Loading class java/util/WeakHashMap$EntryIterator done
Event: 241.046 Loading class java/util/concurrent/locks/AbstractQueuedSynchronizer$SharedNode
Event: 241.046 Loading class java/util/concurrent/locks/AbstractQueuedSynchronizer$SharedNode done
Event: 277.526 Loading class java/util/concurrent/locks/ReentrantReadWriteLock$Sync$HoldCounter
Event: 277.526 Loading class java/util/concurrent/locks/ReentrantReadWriteLock$Sync$HoldCounter done

Classes unloaded (20 events):
Event: 154.324 Thread 0x000001e2768e83c0 Unloading class 0x0000000800140000 'java/lang/invoke/LambdaForm$MH+0x0000000800140000'
Event: 154.324 Thread 0x000001e2768e83c0 Unloading class 0x00000008000c4000 'java/lang/invoke/LambdaForm$MH+0x00000008000c4000'
Event: 154.324 Thread 0x000001e2768e83c0 Unloading class 0x00000008000c3c00 'java/lang/invoke/LambdaForm$MH+0x00000008000c3c00'
Event: 154.324 Thread 0x000001e2768e83c0 Unloading class 0x00000008000c3800 'java/lang/invoke/LambdaForm$MH+0x00000008000c3800'
Event: 154.324 Thread 0x000001e2768e83c0 Unloading class 0x00000008000c3400 'java/lang/invoke/LambdaForm$MH+0x00000008000c3400'
Event: 241.068 Thread 0x000001e2768e83c0 Unloading class 0x0000000800521800 'jdk/internal/reflect/GeneratedSerializationConstructorAccessor36'
Event: 241.068 Thread 0x000001e2768e83c0 Unloading class 0x0000000800531c00 'jdk/internal/reflect/GeneratedSerializationConstructorAccessor34'
Event: 241.068 Thread 0x000001e2768e83c0 Unloading class 0x0000000800541800 'jdk/internal/reflect/GeneratedSerializationConstructorAccessor31'
Event: 241.068 Thread 0x000001e2768e83c0 Unloading class 0x00000008009cc000 'java/lang/invoke/LambdaForm$MH+0x00000008009cc000'
Event: 241.068 Thread 0x000001e2768e83c0 Unloading class 0x00000008009fd800 'java/lang/invoke/LambdaForm$MH+0x00000008009fd800'
Event: 241.068 Thread 0x000001e2768e83c0 Unloading class 0x0000000800a04000 'java/lang/invoke/LambdaForm$MH+0x0000000800a04000'
Event: 241.068 Thread 0x000001e2768e83c0 Unloading class 0x0000000800a05000 'jdk/internal/reflect/GeneratedSerializationConstructorAccessor24'
Event: 241.068 Thread 0x000001e2768e83c0 Unloading class 0x0000000800a10800 'jdk/internal/reflect/GeneratedSerializationConstructorAccessor23'
Event: 241.068 Thread 0x000001e2768e83c0 Unloading class 0x0000000800a12c00 'jdk/internal/reflect/GeneratedSerializationConstructorAccessor20'
Event: 241.068 Thread 0x000001e2768e83c0 Unloading class 0x0000000800ac0000 'org/apache/catalina/loader/JdbcLeakPrevention'
Event: 256.152 Thread 0x000001e2768e83c0 Unloading class 0x0000000800a11800 'org/apache/catalina/loader/JdbcLeakPrevention'
Event: 263.104 Thread 0x000001e2768e83c0 Unloading class 0x000000080099d800 'org/apache/catalina/loader/JdbcLeakPrevention'
Event: 277.173 Thread 0x000001e2768e83c0 Unloading class 0x0000000800540800 'org/apache/catalina/loader/JdbcLeakPrevention'
Event: 283.047 Thread 0x000001e2768e83c0 Unloading class 0x0000000800504000 'org/apache/catalina/loader/JdbcLeakPrevention'
Event: 308.133 Thread 0x000001e2768e83c0 Unloading class 0x0000000800494000 'org/apache/catalina/loader/JdbcLeakPrevention'

Classes redefined (11 events):
Event: 153.123 Thread 0x000001e2768e83c0 redefined class name=com.nt.com.dto.DataDTO, count=1
Event: 153.123 Thread 0x000001e2768e83c0 redefined class name=com.nt.com.service.TravelPlanMamangementServie, count=1
Event: 153.123 Thread 0x000001e2768e83c0 redefined class name=com.nt.com.entity.PlanCategoryEntity, count=1
Event: 153.123 Thread 0x000001e2768e83c0 redefined class name=com.nt.com.entity.CommonColumn, count=1
Event: 153.123 Thread 0x000001e2768e83c0 redefined class name=com.nt.com.Mini01TravellProjectApplication, count=1
Event: 153.123 Thread 0x000001e2768e83c0 redefined class name=com.nt.com.Mini01TravellProjectApplication, count=1
Event: 153.123 Thread 0x000001e2768e83c0 redefined class name=com.nt.com.controller.CategoryController, count=1
Event: 153.123 Thread 0x000001e2768e83c0 redefined class name=com.nt.com.entity.PlanEntity, count=2
Event: 153.123 Thread 0x000001e2768e83c0 redefined class name=com.nt.com.repo.CategoryRepo, count=1
Event: 153.123 Thread 0x000001e2768e83c0 redefined class name=com.nt.com.service.TravelPlanManagementServiceImpl, count=1
Event: 310.635 Thread 0x000001e2768e83c0 redefined class name=com.nt.com.exception.GlobalException, count=1

Internal exceptions (20 events):
Event: 283.187 Thread 0x000001e27c00d7e0 Exception <a 'java/lang/NoClassDefFoundError'{0x000000070930d688}: org/springframework/batch/core/repository/JobRepository> (0x000000070930d688) 
thrown [s\src\hotspot\share\oops\constantPool.cpp, line 873]
Event: 283.188 Thread 0x000001e27c00d7e0 Exception <a 'java/lang/NoClassDefFoundError'{0x000000070930dce0}: org/quartz/Scheduler> (0x000000070930dce0) 
thrown [s\src\hotspot\share\oops\constantPool.cpp, line 873]
Event: 283.188 Thread 0x000001e27c00d7e0 Exception <a 'java/lang/NoClassDefFoundError'{0x000000070930e360}: org/springframework/session/jdbc/JdbcIndexedSessionRepository> (0x000000070930e360) 
thrown [s\src\hotspot\share\oops\constantPool.cpp, line 873]
Event: 283.219 Thread 0x000001e27c00d7e0 Exception <a 'java/io/FileNotFoundException'{0x0000000708d764b0}> (0x0000000708d764b0) 
thrown [s\src\hotspot\share\prims\jni.cpp, line 520]
Event: 283.228 Thread 0x000001e27c00d7e0 Exception <a 'java/io/FileNotFoundException'{0x0000000708b1c5c0}> (0x0000000708b1c5c0) 
thrown [s\src\hotspot\share\prims\jni.cpp, line 520]
Event: 308.119 Thread 0x000001e27e6f1260 Exception <a 'java/io/IOException'{0x0000000709c4b8c8}> (0x0000000709c4b8c8) 
thrown [s\src\hotspot\share\prims\jni.cpp, line 520]
Event: 308.119 Thread 0x000001e27e6f1260 Exception <a 'java/io/IOException'{0x0000000709c4c7f8}> (0x0000000709c4c7f8) 
thrown [s\src\hotspot\share\prims\jni.cpp, line 520]
Event: 308.120 Thread 0x000001e27e6f1260 Exception <a 'java/io/IOException'{0x0000000709c52f68}> (0x0000000709c52f68) 
thrown [s\src\hotspot\share\prims\jni.cpp, line 520]
Event: 308.120 Thread 0x000001e27e6f1260 Exception <a 'java/io/IOException'{0x0000000709c53b88}> (0x0000000709c53b88) 
thrown [s\src\hotspot\share\prims\jni.cpp, line 520]
Event: 308.121 Thread 0x000001e27e6f1260 Exception <a 'java/io/IOException'{0x0000000709c57dc8}> (0x0000000709c57dc8) 
thrown [s\src\hotspot\share\prims\jni.cpp, line 520]
Event: 308.123 Thread 0x000001e27c00de70 Exception <a 'java/lang/InterruptedException'{0x0000000709c7b7a0}: sleep interrupted> (0x0000000709c7b7a0) 
thrown [s\src\hotspot\share\prims\jvm.cpp, line 3074]
Event: 308.162 Thread 0x000001e27e6f39c0 Exception <a 'sun/nio/fs/WindowsException'{0x000000070a886188}> (0x000000070a886188) 
thrown [s\src\hotspot\share\prims\jni.cpp, line 520]
Event: 308.279 Thread 0x000001e27e6f39c0 Exception <a 'java/lang/NoClassDefFoundError'{0x00000007092c0e28}: org/flywaydb/core/Flyway> (0x00000007092c0e28) 
thrown [s\src\hotspot\share\oops\constantPool.cpp, line 873]
Event: 308.280 Thread 0x000001e27e6f39c0 Exception <a 'java/lang/NoClassDefFoundError'{0x00000007092c1488}: liquibase/integration/spring/SpringLiquibase> (0x00000007092c1488) 
thrown [s\src\hotspot\share\oops\constantPool.cpp, line 873]
Event: 308.283 Thread 0x000001e27e6f39c0 Exception <a 'java/lang/NoClassDefFoundError'{0x00000007093301c8}: org/jooq/DSLContext> (0x00000007093301c8) 
thrown [s\src\hotspot\share\oops\constantPool.cpp, line 873]
Event: 308.284 Thread 0x000001e27e6f39c0 Exception <a 'java/lang/NoClassDefFoundError'{0x000000070933b428}: org/springframework/batch/core/repository/JobRepository> (0x000000070933b428) 
thrown [s\src\hotspot\share\oops\constantPool.cpp, line 873]
Event: 308.284 Thread 0x000001e27e6f39c0 Exception <a 'java/lang/NoClassDefFoundError'{0x000000070933ba80}: org/quartz/Scheduler> (0x000000070933ba80) 
thrown [s\src\hotspot\share\oops\constantPool.cpp, line 873]
Event: 308.285 Thread 0x000001e27e6f39c0 Exception <a 'java/lang/NoClassDefFoundError'{0x000000070933c100}: org/springframework/session/jdbc/JdbcIndexedSessionRepository> (0x000000070933c100) 
thrown [s\src\hotspot\share\oops\constantPool.cpp, line 873]
Event: 308.316 Thread 0x000001e27e6f39c0 Exception <a 'java/io/FileNotFoundException'{0x0000000708d9a668}> (0x0000000708d9a668) 
thrown [s\src\hotspot\share\prims\jni.cpp, line 520]
Event: 308.326 Thread 0x000001e27e6f39c0 Exception <a 'java/io/FileNotFoundException'{0x0000000708b41998}> (0x0000000708b41998) 
thrown [s\src\hotspot\share\prims\jni.cpp, line 520]

ZGC Phase Switch (0 events):
No events

VM Operations (20 events):
Event: 308.619 Executing VM operation: get/set locals
Event: 308.619 Executing VM operation: get/set locals done
Event: 308.619 Executing VM operation: get/set locals
Event: 308.619 Executing VM operation: get/set locals done
Event: 308.620 Executing VM operation: get/set locals
Event: 308.620 Executing VM operation: get/set locals done
Event: 308.621 Executing VM operation: get/set locals
Event: 308.621 Executing VM operation: get/set locals done
Event: 308.621 Executing VM operation: get/set locals
Event: 308.621 Executing VM operation: get/set locals done
Event: 308.621 Executing VM operation: get/set locals
Event: 308.621 Executing VM operation: get/set locals done
Event: 310.622 Executing VM operation: ChangeSingleStep
Event: 310.622 Executing VM operation: ChangeSingleStep done
Event: 310.622 Executing VM operation: ChangeSingleStep
Event: 310.622 Executing VM operation: ChangeSingleStep done
Event: 310.629 Executing VM operation: RedefineClasses
Event: 310.647 Executing VM operation: RedefineClasses done
Event: 310.648 Executing VM operation: ChangeSingleStep
Event: 310.648 Executing VM operation: ChangeSingleStep done

Events (20 events):
Event: 308.140 Thread 0x000001e2768e83c0 flushing nmethod 0x000001e26bb11190
Event: 308.140 Thread 0x000001e2768e83c0 flushing nmethod 0x000001e26bb10c90
Event: 308.140 Thread 0x000001e2768e83c0 flushing nmethod 0x000001e26bafb190
Event: 308.140 Thread 0x000001e2768e83c0 flushing nmethod 0x000001e26bae0910
Event: 308.140 Thread 0x000001e2768e83c0 flushing nmethod 0x000001e26bacfe90
Event: 308.140 Thread 0x000001e2768e83c0 flushing nmethod 0x000001e26bacf810
Event: 308.154 Thread 0x000001e27e6f7b60 Thread added: 0x000001e27e6f7b60
Event: 308.154 Thread 0x000001e27e6f7b60 Thread exited: 0x000001e27e6f7b60
Event: 308.154 Thread 0x000001e27e6f39c0 Thread added: 0x000001e27e6f39c0
Event: 308.181 Thread 0x000001e27e6f1260 Thread added: 0x000001e27e6f1260
Event: 308.197 Thread 0x000001e27e6f1260 Thread exited: 0x000001e27e6f1260
Event: 308.326 Thread 0x000001e27e6f3330 Thread added: 0x000001e27e6f3330
Event: 308.326 Thread 0x000001e27e6f46e0 Thread added: 0x000001e27e6f46e0
Event: 308.326 Thread 0x000001e27e6f2610 Thread added: 0x000001e27e6f2610
Event: 308.352 Thread 0x000001e27e6f4d70 Thread added: 0x000001e27e6f4d70
Event: 308.374 Thread 0x000001e27b921630 Thread added: 0x000001e27b921630
Event: 308.374 Thread 0x000001e27c5e9ed0 Thread added: 0x000001e27c5e9ed0
Event: 308.374 Thread 0x000001e27be4f100 Thread added: 0x000001e27be4f100
Event: 308.452 Thread 0x000001e27e6f7b60 Thread added: 0x000001e27e6f7b60
Event: 309.922 Thread 0x000001e27be4f100 Thread exited: 0x000001e27be4f100


Dynamic libraries:
0x00007ff609380000 - 0x00007ff60938e000 	D:\STS\sts-4.24.0.RELEASE\plugins\org.eclipse.justj.openjdk.hotspot.jre.full.win32.x86_64_21.0.3.v20240426-1530\jre\bin\javaw.exe
0x00007ffe37130000 - 0x00007ffe37347000 	C:\Windows\SYSTEM32\ntdll.dll
0x00007ffe36390000 - 0x00007ffe36454000 	C:\Windows\System32\KERNEL32.DLL
0x00007ffe34820000 - 0x00007ffe34bcd000 	C:\Windows\System32\KERNELBASE.dll
0x00007ffe34d40000 - 0x00007ffe34e51000 	C:\Windows\System32\ucrtbase.dll
0x00007ffe0a340000 - 0x00007ffe0a358000 	D:\STS\sts-4.24.0.RELEASE\plugins\org.eclipse.justj.openjdk.hotspot.jre.full.win32.x86_64_21.0.3.v20240426-1530\jre\bin\jli.dll
0x00007ffe354f0000 - 0x00007ffe3569e000 	C:\Windows\System32\USER32.dll
0x00007ffe34780000 - 0x00007ffe347a6000 	C:\Windows\System32\win32u.dll
0x00007ffe024d0000 - 0x00007ffe024eb000 	D:\STS\sts-4.24.0.RELEASE\plugins\org.eclipse.justj.openjdk.hotspot.jre.full.win32.x86_64_21.0.3.v20240426-1530\jre\bin\VCRUNTIME140.dll
0x00007ffe361d0000 - 0x00007ffe361f9000 	C:\Windows\System32\GDI32.dll
0x00007ffe344f0000 - 0x00007ffe34609000 	C:\Windows\System32\gdi32full.dll
0x00007ffe34450000 - 0x00007ffe344ea000 	C:\Windows\System32\msvcp_win.dll
0x00007ffe113d0000 - 0x00007ffe11663000 	C:\Windows\WinSxS\amd64_microsoft.windows.common-controls_6595b64144ccf1df_6.0.22621.3672_none_2713b9d173822955\COMCTL32.dll
0x00007ffe362e0000 - 0x00007ffe36387000 	C:\Windows\System32\msvcrt.dll
0x00007ffe36db0000 - 0x00007ffe36de1000 	C:\Windows\System32\IMM32.DLL
0x00007ffe23df0000 - 0x00007ffe23dfc000 	D:\STS\sts-4.24.0.RELEASE\plugins\org.eclipse.justj.openjdk.hotspot.jre.full.win32.x86_64_21.0.3.v20240426-1530\jre\bin\vcruntime140_1.dll
0x00007ffde5fa0000 - 0x00007ffde602e000 	D:\STS\sts-4.24.0.RELEASE\plugins\org.eclipse.justj.openjdk.hotspot.jre.full.win32.x86_64_21.0.3.v20240426-1530\jre\bin\msvcp140.dll
0x00007ffd95ea0000 - 0x00007ffd96c22000 	D:\STS\sts-4.24.0.RELEASE\plugins\org.eclipse.justj.openjdk.hotspot.jre.full.win32.x86_64_21.0.3.v20240426-1530\jre\bin\server\jvm.dll
0x00007ffe35330000 - 0x00007ffe353e2000 	C:\Windows\System32\ADVAPI32.dll
0x00007ffe356a0000 - 0x00007ffe35749000 	C:\Windows\System32\sechost.dll
0x00007ffe34bd0000 - 0x00007ffe34bf8000 	C:\Windows\System32\bcrypt.dll
0x00007ffe35200000 - 0x00007ffe35314000 	C:\Windows\System32\RPCRT4.dll
0x00007ffe36150000 - 0x00007ffe361c1000 	C:\Windows\System32\WS2_32.dll
0x00007ffe2f0e0000 - 0x00007ffe2f0ea000 	C:\Windows\SYSTEM32\VERSION.dll
0x00007ffe34270000 - 0x00007ffe342bd000 	C:\Windows\SYSTEM32\POWRPROF.dll
0x00007ffe2d9e0000 - 0x00007ffe2da14000 	C:\Windows\SYSTEM32\WINMM.dll
0x00007ffe34150000 - 0x00007ffe34163000 	C:\Windows\SYSTEM32\UMPDC.dll
0x00007ffe33470000 - 0x00007ffe33488000 	C:\Windows\SYSTEM32\kernel.appcore.dll
0x00007ffe2dbc0000 - 0x00007ffe2dbca000 	D:\STS\sts-4.24.0.RELEASE\plugins\org.eclipse.justj.openjdk.hotspot.jre.full.win32.x86_64_21.0.3.v20240426-1530\jre\bin\jimage.dll
0x00007ffe31c00000 - 0x00007ffe31e32000 	C:\Windows\SYSTEM32\DBGHELP.DLL
0x00007ffe34e70000 - 0x00007ffe351fe000 	C:\Windows\System32\combase.dll
0x00007ffe36200000 - 0x00007ffe362d7000 	C:\Windows\System32\OLEAUT32.dll
0x00007ffe16670000 - 0x00007ffe166a2000 	C:\Windows\SYSTEM32\dbgcore.DLL
0x00007ffe34cc0000 - 0x00007ffe34d3b000 	C:\Windows\System32\bcryptPrimitives.dll
0x00007ffe03030000 - 0x00007ffe0306c000 	D:\STS\sts-4.24.0.RELEASE\plugins\org.eclipse.justj.openjdk.hotspot.jre.full.win32.x86_64_21.0.3.v20240426-1530\jre\bin\jdwp.dll
0x00007ffe2da80000 - 0x00007ffe2da8f000 	D:\STS\sts-4.24.0.RELEASE\plugins\org.eclipse.justj.openjdk.hotspot.jre.full.win32.x86_64_21.0.3.v20240426-1530\jre\bin\instrument.dll
0x00007ffe13df0000 - 0x00007ffe13e0f000 	D:\STS\sts-4.24.0.RELEASE\plugins\org.eclipse.justj.openjdk.hotspot.jre.full.win32.x86_64_21.0.3.v20240426-1530\jre\bin\java.dll
0x00007ffe0a250000 - 0x00007ffe0a268000 	D:\STS\sts-4.24.0.RELEASE\plugins\org.eclipse.justj.openjdk.hotspot.jre.full.win32.x86_64_21.0.3.v20240426-1530\jre\bin\zip.dll
0x00007ffe35750000 - 0x00007ffe35fb7000 	C:\Windows\System32\SHELL32.dll
0x00007ffe32380000 - 0x00007ffe32c7f000 	C:\Windows\SYSTEM32\windows.storage.dll
0x00007ffe32240000 - 0x00007ffe3237f000 	C:\Windows\SYSTEM32\wintypes.dll
0x00007ffe353f0000 - 0x00007ffe354e9000 	C:\Windows\System32\SHCORE.dll
0x00007ffe368e0000 - 0x00007ffe3693e000 	C:\Windows\System32\shlwapi.dll
0x00007ffe34380000 - 0x00007ffe343a7000 	C:\Windows\SYSTEM32\profapi.dll
0x00007ffe16490000 - 0x00007ffe1649b000 	D:\STS\sts-4.24.0.RELEASE\plugins\org.eclipse.justj.openjdk.hotspot.jre.full.win32.x86_64_21.0.3.v20240426-1530\jre\bin\dt_socket.dll
0x00007ffe32ee0000 - 0x00007ffe32f0d000 	C:\Windows\SYSTEM32\IPHLPAPI.DLL
0x00007ffe33910000 - 0x00007ffe33979000 	C:\Windows\system32\mswsock.dll
0x00007ffe32f10000 - 0x00007ffe33008000 	C:\Windows\SYSTEM32\DNSAPI.dll
0x00007ffe36b20000 - 0x00007ffe36b29000 	C:\Windows\System32\NSI.dll
0x00007ffe2da50000 - 0x00007ffe2da5a000 	C:\Windows\System32\rasadhlp.dll
0x00007ffe2e8b0000 - 0x00007ffe2e933000 	C:\Windows\System32\fwpuclnt.dll
0x00007ffe2d530000 - 0x00007ffe2d540000 	D:\STS\sts-4.24.0.RELEASE\plugins\org.eclipse.justj.openjdk.hotspot.jre.full.win32.x86_64_21.0.3.v20240426-1530\jre\bin\net.dll
0x00007ffe2f940000 - 0x00007ffe2fa76000 	C:\Windows\SYSTEM32\WINHTTP.dll
0x00007ffe08e30000 - 0x00007ffe08e46000 	D:\STS\sts-4.24.0.RELEASE\plugins\org.eclipse.justj.openjdk.hotspot.jre.full.win32.x86_64_21.0.3.v20240426-1530\jre\bin\nio.dll
0x00007ffe17570000 - 0x00007ffe1757a000 	D:\STS\sts-4.24.0.RELEASE\plugins\org.eclipse.justj.openjdk.hotspot.jre.full.win32.x86_64_21.0.3.v20240426-1530\jre\bin\management.dll
0x00007ffe16450000 - 0x00007ffe1645b000 	D:\STS\sts-4.24.0.RELEASE\plugins\org.eclipse.justj.openjdk.hotspot.jre.full.win32.x86_64_21.0.3.v20240426-1530\jre\bin\management_ext.dll
0x00007ffe35320000 - 0x00007ffe35328000 	C:\Windows\System32\PSAPI.DLL
0x00007ffe035e0000 - 0x00007ffe035f7000 	C:\Windows\system32\napinsp.dll
0x00007ffe035c0000 - 0x00007ffe035db000 	C:\Windows\system32\pnrpnsp.dll
0x00007ffe02eb0000 - 0x00007ffe02ec1000 	C:\Windows\System32\winrnr.dll
0x00007ffe2b750000 - 0x00007ffe2b765000 	C:\Windows\system32\wshbth.dll
0x00007ffe02e80000 - 0x00007ffe02ea7000 	C:\Windows\system32\nlansp_c.dll
0x00007ffe33b70000 - 0x00007ffe33b8b000 	C:\Windows\SYSTEM32\CRYPTSP.dll
0x00007ffe333d0000 - 0x00007ffe33405000 	C:\Windows\system32\rsaenh.dll
0x00007ffe33a00000 - 0x00007ffe33a28000 	C:\Windows\SYSTEM32\USERENV.dll
0x00007ffe33b60000 - 0x00007ffe33b6c000 	C:\Windows\SYSTEM32\CRYPTBASE.dll
0x00007ffe2b5d0000 - 0x00007ffe2b5d9000 	D:\STS\sts-4.24.0.RELEASE\plugins\org.eclipse.justj.openjdk.hotspot.jre.full.win32.x86_64_21.0.3.v20240426-1530\jre\bin\extnet.dll
0x00007ffe2ba60000 - 0x00007ffe2ba70000 	D:\STS\sts-4.24.0.RELEASE\plugins\org.eclipse.justj.openjdk.hotspot.jre.full.win32.x86_64_21.0.3.v20240426-1530\jre\bin\verify.dll
0x00007ffe2a2d0000 - 0x00007ffe2a2de000 	D:\STS\sts-4.24.0.RELEASE\plugins\org.eclipse.justj.openjdk.hotspot.jre.full.win32.x86_64_21.0.3.v20240426-1530\jre\bin\sunmscapi.dll
0x00007ffe34610000 - 0x00007ffe34776000 	C:\Windows\System32\CRYPT32.dll
0x00007ffe33d20000 - 0x00007ffe33d4e000 	C:\Windows\SYSTEM32\ncrypt.dll
0x00007ffe33ce0000 - 0x00007ffe33d17000 	C:\Windows\SYSTEM32\NTASN1.dll
0x00007ffdc7350000 - 0x00007ffdc7358000 	C:\Windows\system32\wshunix.dll

dbghelp: loaded successfully - version: 4.0.5 - missing functions: none
symbol engine: initialized successfully - sym options: 0x614 - pdb path: .;D:\STS\sts-4.24.0.RELEASE\plugins\org.eclipse.justj.openjdk.hotspot.jre.full.win32.x86_64_21.0.3.v20240426-1530\jre\bin;C:\Windows\SYSTEM32;C:\Windows\WinSxS\amd64_microsoft.windows.common-controls_6595b64144ccf1df_6.0.22621.3672_none_2713b9d173822955;D:\STS\sts-4.24.0.RELEASE\plugins\org.eclipse.justj.openjdk.hotspot.jre.full.win32.x86_64_21.0.3.v20240426-1530\jre\bin\server

VM Arguments:
jvm_args: -XX:+ShowCodeDetailsInExceptionMessages -agentlib:jdwp=transport=dt_socket,suspend=y,address=localhost:61651 -Dcom.sun.management.jmxremote -Dcom.sun.management.jmxremote.port=61650 -Dcom.sun.management.jmxremote.authenticate=false -Dcom.sun.management.jmxremote.ssl=false -Djava.rmi.server.hostname=localhost -Dspring.jmx.enabled=true -Dmanagement.endpoints.jmx.exposure.include=* -Dspring.application.admin.enabled=true -XX:TieredStopAtLevel=1 -Dspring.boot.project.name=Mini_01_TravellProject -javaagent:D:\STS\sts-4.24.0.RELEASE\configuration\org.eclipse.osgi\270\0\.cp\lib\javaagent-shaded.jar -Dfile.encoding=UTF-8 -Dstdout.encoding=UTF-8 -Dstderr.encoding=UTF-8 
java_command: com.nt.com.Mini01TravellProjectApplication --spring.output.ansi.enabled=always
java_class_path (initial): D:\STS_WORK_SPACE\Mini_01_TravellProject\target\classes;C:\Users\Mudassar\.m2\repository\org\springframework\boot\spring-boot-starter-data-jpa\3.3.3\spring-boot-starter-data-jpa-3.3.3.jar;C:\Users\Mudassar\.m2\repository\org\springframework\boot\spring-boot-starter-aop\3.3.3\spring-boot-starter-aop-3.3.3.jar;C:\Users\Mudassar\.m2\repository\org\springframework\spring-aop\6.1.12\spring-aop-6.1.12.jar;C:\Users\Mudassar\.m2\repository\org\aspectj\aspectjweaver\1.9.22.1\aspectjweaver-1.9.22.1.jar;C:\Users\Mudassar\.m2\repository\org\springframework\boot\spring-boot-starter-jdbc\3.3.3\spring-boot-starter-jdbc-3.3.3.jar;C:\Users\Mudassar\.m2\repository\com\zaxxer\HikariCP\5.1.0\HikariCP-5.1.0.jar;C:\Users\Mudassar\.m2\repository\org\springframework\spring-jdbc\6.1.12\spring-jdbc-6.1.12.jar;C:\Users\Mudassar\.m2\repository\org\hibernate\orm\hibernate-core\6.5.2.Final\hibernate-core-6.5.2.Final.jar;C:\Users\Mudassar\.m2\repository\jakarta\persistence\jakarta.persistence-api\3.1.0\jakarta.persistence-api-3.1.0.jar;C:\Users\Mudassar\.m2\repository\jakarta\transaction\jakarta.transaction-api\2.0.1\jakarta.transaction-api-2.0.1.jar;C:\Users\Mudassar\.m2\repository\org\jboss\logging\jboss-logging\3.5.3.Final\jboss-logging-3.5.3.Final.jar;C:\Users\Mudassar\.m2\repository\org\hibernate\common\hibernate-commons-annotations\6.0.6.Final\hibernate-commons-annotations-6.0.6.Final.jar;C:\Users\Mudassar\.m2\repository\io\smallrye\jandex\3.1.2\jandex-3.1.2.jar;C:\Users\Mudassar\.m2\repository\com\fasterxml\classmate\1.7.0\classmate-1.7.0.jar;C:\Users\Mudassar\.m2\repository\net\bytebuddy\byte-buddy\1.14.19\byte-buddy-1.14.19.jar;C:\Users\Mudassar\.m2\repository\org\glassfish\jaxb\jaxb-runtime\4.0.5\jaxb-runtime-4.0.5.jar;C:\Users\Mudassar\.m2\repository\org\glassfish\jaxb\jaxb-core\4.0.5\jaxb-core-4.0.5.jar;C:\Users\Mudassar\.m2\repository\org\eclipse\angus\angus-activation\2.0.2\angus-activation-2.0.2.jar;C:\Users\Mudassar\.m2\repository\org\glassfish\jaxb\txw2\4.0.5\txw2-4.0.5.jar;C:\Users\Mudassar\.m2\repository\com\sun\istack\istack-commons-runtime\4.1.2\istack-commons-runtime-4.1.2.jar;C:\Users\Mudassar\.m2\repository\jakarta\inject\jakarta.inject-api\2.0.1\jakarta.inject-api-2.0.1.jar;C:\Users\Mudassar\.m2\repository\org\antlr\antlr4-runtime\4.13.0\antlr4-runtime-4.13.0.jar;C:\Users\Mudassar\.m2\repository\org\springframework\data\spring-data-jpa\3.3.3\spring-data-jpa-3.3.3.jar;C:\Users\Mudassar\.m2\repository\org\springframework\data\spring-data-commons\3.3.3\spring-data-commons-3.3.3.jar;C:\Users\Mudassar\.m2\repository\org\springframework\spring-orm\6.1.12\spring-orm-6.1.12.jar;C:\Users\Mudassar\.m2\repository\org\springframework\spring-context\6.1.12\spring-context-6.1.12.jar;C:\Users\Mudassar\.m2\repository\org\springframework\spring-tx\6.1.12\spring-tx-6.1.12.jar;C:\Users\Mudassar\.m2\repository\org\springframework\spring-beans\6.1.12\spring-beans-6.1.12.jar;C:\Users\Mudassar\.m2\repository\jakarta\annotation\jakarta.annotation-api\2.1.1\jakarta.annotation-api-2.1.1.jar;C:\Users\Mudassar\.m2\repository\org\slf4j\slf4j-api\2.0.16\slf4j-api-2.0.16.jar;C:\Users\Mudassar\.m2\repository\org\springframework\spring-aspects\6.1.12\spring-aspects-6.1.12.jar;C:\Users\Mudassar\.m2\repository\org\springframework\boot\spring-boot-starter-web\3.3.3\spring-boot-starter-web-3.3.3.jar;C:\Users\Mudassar\.m2\repository\org\springframework\boot\spring-boot-starter\3.3.3\spring-boot-starter-3.3.3.jar;C:\Users\Mudassar\.m2\repository\org\springframework\boot\spring-boot-starter-logging\3.3.3\spring-boot-starter-logging-3.3.3.jar;C:\Users\Mudassar\.m2\repository\ch\qos\logback\logback-classic\1.5.7\logback-classic-1.5.7.jar;C:\Users\Mudassar\.m2\repository\ch\qos\logback\logback-core\1.5.7\logback-core-1.5.7.jar;C:\Users\Mudassar\.m2\repository\org\apache\logging\log4j\log4j-to-slf4j\2.23.1\log4j-to-slf4j-2.23.1.jar;C:\Users\Mudassar\.m2\repository\org\apache\logging\log4j\log4j-api\2.23.1\log4j-api-2.23.1.jar;C:\Users\Mudassar\.m2\repository\org\slf4j\jul-to-slf4j\2.0.16\jul-to-slf4j-2.0.16.jar;C:\Users\Mudassar\.m2\repository\org\yaml\snakeyaml\2.2\snakeyaml-2.2.jar;C:\Users\Mudassar\.m2\repository\org\springframework\boot\spring-boot-starter-json\3.3.3\spring-boot-starter-json-3.3.3.jar;C:\Users\Mudassar\.m2\repository\com\fasterxml\jackson\core\jackson-databind\2.17.2\jackson-databind-2.17.2.jar;C:\Users\Mudassar\.m2\repository\com\fasterxml\jackson\core\jackson-annotations\2.17.2\jackson-annotations-2.17.2.jar;C:\Users\Mudassar\.m2\repository\com\fasterxml\jackson\core\jackson-core\2.17.2\jackson-core-2.17.2.jar;C:\Users\Mudassar\.m2\repository\com\fasterxml\jackson\datatype\jackson-datatype-jdk8\2.17.2\jackson-datatype-jdk8-2.17.2.jar;C:\Users\Mudassar\.m2\repository\com\fasterxml\jackson\datatype\jackson-datatype-jsr310\2.17.2\jackson-datatype-jsr310-2.17.2.jar;C:\Users\Mudassar\.m2\repository\com\fasterxml\jackson\module\jackson-module-parameter-names\2.17.2\jackson-module-parameter-names-2.17.2.jar;C:\Users\Mudassar\.m2\repository\org\springframework\boot\spring-boot-starter-tomcat\3.3.3\spring-boot-starter-tomcat-3.3.3.jar;C:\Users\Mudassar\.m2\repository\org\apache\tomcat\embed\tomcat-embed-core\10.1.28\tomcat-embed-core-10.1.28.jar;C:\Users\Mudassar\.m2\repository\org\apache\tomcat\embed\tomcat-embed-el\10.1.28\tomcat-embed-el-10.1.28.jar;C:\Users\Mudassar\.m2\repository\org\apache\tomcat\embed\tomcat-embed-websocket\10.1.28\tomcat-embed-websocket-10.1.28.jar;C:\Users\Mudassar\.m2\repository\org\springframework\spring-web\6.1.12\spring-web-6.1.12.jar;C:\Users\Mudassar\.m2\repository\io\micrometer\micrometer-observation\1.13.3\micrometer-observation-1.13.3.jar;C:\Users\Mudassar\.m2\repository\io\micrometer\micrometer-commons\1.13.3\micrometer-commons-1.13.3.jar;C:\Users\Mudassar\.m2\repository\org\springframework\spring-webmvc\6.1.12\spring-webmvc-6.1.12.jar;C:\Users\Mudassar\.m2\repository\org\springframework\spring-expression\6.1.12\spring-expression-6.1.12.jar;C:\Users\Mudassar\.m2\repository\org\springframework\boot\spring-boot-devtools\3.3.3\spring-boot-devtools-3.3.3.jar;C:\Users\Mudassar\.m2\repository\org\springframework\boot\spring-boot\3.3.3\spring-boot-3.3.3.jar;C:\Users\Mudassar\.m2\repository\org\springframework\boot\spring-boot-autoconfigure\3.3.3\spring-boot-autoconfigure-3.3.3.jar;C:\Users\Mudassar\.m2\repository\com\mysql\mysql-connector-j\8.3.0\mysql-connector-j-8.3.0.jar;C:\Users\Mudassar\.m2\repository\org\projectlombok\lombok\1.18.34\lombok-1.18.34.jar;C:\Users\Mudassar\.m2\repository\jakarta\xml\bind\jakarta.xml.bind-api\4.0.2\jakarta.xml.bind-api-4.0.2.jar;C:\Users\Mudassar\.m2\repository\jakarta\activation\jakarta.activation-api\2.1.3\jakarta.activation-api-2.1.3.jar;C:\Users\Mudassar\.m2\repository\org\springframework\spring-core\6.1.12\spring-core-6.1.12.jar;C:\Users\Mudassar\.m2\repository\org\springframework\spring-jcl\6.1.12\spring-jcl-6.1.12.jar
Launcher Type: SUN_STANDARD

[Global flags]
     intx CICompilerCount                          = 4                                         {product} {ergonomic}
     uint ConcGCThreads                            = 3                                         {product} {ergonomic}
     uint G1ConcRefinementThreads                  = 10                                        {product} {ergonomic}
   size_t G1HeapRegionSize                         = 2097152                                   {product} {ergonomic}
    uintx GCDrainStackTargetSize                   = 64                                        {product} {ergonomic}
   size_t InitialHeapSize                          = 264241152                                 {product} {ergonomic}
     bool ManagementServer                         = true                                      {product} {command line}
   size_t MarkStackSize                            = 4194304                                   {product} {ergonomic}
   size_t MaxHeapSize                              = 4215275520                                {product} {ergonomic}
   size_t MaxNewSize                               = 2529165312                                {product} {ergonomic}
   size_t MinHeapDeltaBytes                        = 2097152                                   {product} {ergonomic}
   size_t MinHeapSize                              = 8388608                                   {product} {ergonomic}
    uintx NonNMethodCodeHeapSize                   = 4096                                   {pd product} {ergonomic}
    uintx NonProfiledCodeHeapSize                  = 0                                      {pd product} {ergonomic}
     bool ProfileInterpreter                       = false                                  {pd product} {command line}
    uintx ProfiledCodeHeapSize                     = 0                                      {pd product} {ergonomic}
     bool ShowCodeDetailsInExceptionMessages       = true                                   {manageable} {command line}
   size_t SoftMaxHeapSize                          = 4215275520                             {manageable} {ergonomic}
     intx TieredStopAtLevel                        = 1                                         {product} {command line}
     bool UseCompressedOops                        = true                           {product lp64_product} {ergonomic}
     bool UseG1GC                                  = true                                      {product} {ergonomic}
     bool UseLargePagesIndividualAllocation        = false                                  {pd product} {ergonomic}

Logging:
Log output configuration:
 #0: stdout all=warning uptime,level,tags foldmultilines=false
 #1: stderr all=off uptime,level,tags foldmultilines=false

Environment Variables:
PATH=D:\STS\sts-4.24.0.RELEASE\plugins\org.eclipse.justj.openjdk.hotspot.jre.full.win32.x86_64_21.0.3.v20240426-1530\jre\bin;D:/STS/sts-4.24.0.RELEASE//plugins/org.eclipse.justj.openjdk.hotspot.jre.full.win32.x86_64_21.0.3.v20240426-1530/jre/bin/server;D:/STS/sts-4.24.0.RELEASE//plugins/org.eclipse.justj.openjdk.hotspot.jre.full.win32.x86_64_21.0.3.v20240426-1530/jre/bin;C:\Program Files\Common Files\Oracle\Java\javapath;C:\Windows\system32;C:\Windows;C:\Windows\System32\Wbem;C:\Windows\System32\WindowsPowerShell\v1.0\;C:\Windows\System32\OpenSSH\;C:\Program Files\MySQL\MySQL Shell 8.0\bin\;C:\Users\Mudassar\AppData\Local\Microsoft\WindowsApps;C:\Program Files\Java\jdk-22\bin;C:\Users\Mudassar\AppData\Local\Programs\Microsoft VS Code\bin;D:\STS\sts-4.24.0.RELEASE;
USERNAME=Mudassar
OS=Windows_NT
PROCESSOR_IDENTIFIER=Intel64 Family 6 Model 186 Stepping 2, GenuineIntel
TMP=C:\Users\Mudassar\AppData\Local\Temp
TEMP=C:\Users\Mudassar\AppData\Local\Temp




Periodic native trim disabled

---------------  S Y S T E M  ---------------

OS:
 Windows 11 , 64 bit Build 22621 (10.0.22621.3958)
OS uptime: 0 days 14:46 hours
Hyper-V role detected

CPU: total 12 (initial active 12) (6 cores per cpu, 2 threads per core) family 6 model 186 stepping 2 microcode 0x4112, cx8, cmov, fxsr, ht, mmx, 3dnowpref, sse, sse2, sse3, ssse3, sse4.1, sse4.2, popcnt, lzcnt, tsc, tscinvbit, avx, avx2, aes, erms, clmul, bmi1, bmi2, adx, sha, fma, vzeroupper, clflush, clflushopt, clwb, hv, serialize, rdtscp, rdpid, fsrm, f16c, cet_ibt, cet_ss
Processor Information for processor 0
  Max Mhz: 2100, Current Mhz: 2100, Mhz Limit: 2100
Processor Information for processor 1
  Max Mhz: 2100, Current Mhz: 2100, Mhz Limit: 2100
Processor Information for processor 2
  Max Mhz: 2100, Current Mhz: 2100, Mhz Limit: 2100
Processor Information for processor 3
  Max Mhz: 2100, Current Mhz: 2100, Mhz Limit: 2100
Processor Information for processor 4
  Max Mhz: 2100, Current Mhz: 2100, Mhz Limit: 2100
Processor Information for processor 5
  Max Mhz: 2100, Current Mhz: 2100, Mhz Limit: 2100
Processor Information for processor 6
  Max Mhz: 2100, Current Mhz: 2100, Mhz Limit: 2100
Processor Information for processor 7
  Max Mhz: 2100, Current Mhz: 2100, Mhz Limit: 2100
Processor Information for processor 8
  Max Mhz: 2100, Current Mhz: 1500, Mhz Limit: 1491
Processor Information for processor 9
  Max Mhz: 2100, Current Mhz: 1500, Mhz Limit: 1491
Processor Information for processor 10
  Max Mhz: 2100, Current Mhz: 1500, Mhz Limit: 1491
Processor Information for processor 11
  Max Mhz: 2100, Current Mhz: 1500, Mhz Limit: 1491

Memory: 4k page, system-wide physical 16076M (6267M free)
TotalPageFile size 18508M (AvailPageFile size 4830M)
current process WorkingSet (physical memory assigned to process): 282M, peak: 287M
current process commit charge ("private bytes"): 316M, peak: 363M

vm_info: OpenJDK 64-Bit Server VM (21.0.3+9-LTS) for windows-amd64 JRE (21.0.3+9-LTS), built on 2024-04-16T00:00:00Z by "admin" with MS VC++ 17.7 (VS2022)

END.
